<?xml version="1.0" encoding="UTF-8"?>
<testng-results skipped="0" failed="0" ignored="0" total="0" passed="0">
  <reporter-output>
  </reporter-output>
  <suite name="CaseStudy.Nobroker.AppTest" duration-ms="8" started-at="2022-03-25T07:24:11Z" finished-at="2022-03-25T07:24:11Z">
    <groups>
    </groups>
    <test name="Command line test" duration-ms="8" started-at="2022-03-25T07:24:11Z" finished-at="2022-03-25T07:24:11Z">
    </test> <!-- Command line test -->
  </suite> <!-- CaseStudy.Nobroker.AppTest -->
</testng-results>
